Performing C SOURCE FILE Test CMAKE_HAVE_LIBC_PTHREAD failed with the following output:
Change Dir: /mnt/c/Users/lukas/Documents/PDV/labs/lab02_solution/cmake-build-release/CMakeFiles/CMakeTmp

Run Build Command(s):/usr/bin/make cmTC_b8d38/fast && /usr/bin/make -f CMakeFiles/cmTC_b8d38.dir/build.make CMakeFiles/cmTC_b8d38.dir/build
make[1]: Entering directory '/mnt/c/Users/lukas/Documents/PDV/labs/lab02_solution/cmake-build-release/CMakeFiles/CMakeTmp'
Building C object CMakeFiles/cmTC_b8d38.dir/src.c.o
/usr/bin/cc   -DCMAKE_HAVE_LIBC_PTHREAD   -o CMakeFiles/cmTC_b8d38.dir/src.c.o   -c /mnt/c/Users/lukas/Documents/PDV/labs/lab02_solution/cmake-build-release/CMakeFiles/CMakeTmp/src.c
Linking C executable cmTC_b8d38
/usr/bin/cmake -E cmake_link_script CMakeFiles/cmTC_b8d38.dir/link.txt --verbose=1
/usr/bin/cc  -DCMAKE_HAVE_LIBC_PTHREAD    CMakeFiles/cmTC_b8d38.dir/src.c.o  -o cmTC_b8d38 
/usr/bin/ld: CMakeFiles/cmTC_b8d38.dir/src.c.o: in function `main':
src.c:(.text+0x46): undefined reference to `pthread_create'
/usr/bin/ld: src.c:(.text+0x52): undefined reference to `pthread_detach'
/usr/bin/ld: src.c:(.text+0x63): undefined reference to `pthread_join'
collect2: error: ld returned 1 exit status
make[1]: *** [CMakeFiles/cmTC_b8d38.dir/build.make:87: cmTC_b8d38] Error 1
make[1]: Leaving directory '/mnt/c/Users/lukas/Documents/PDV/labs/lab02_solution/cmake-build-release/CMakeFiles/CMakeTmp'
make: *** [Makefile:121: cmTC_b8d38/fast] Error 2


Source file was:
#include <pthread.h>

void* test_func(void* data)
{
  return data;
}

int main(void)
{
  pthread_t thread;
  pthread_create(&thread, NULL, test_func, NULL);
  pthread_detach(thread);
  pthread_join(thread, NULL);
  pthread_atfork(NULL, NULL, NULL);
  pthread_exit(NULL);

  return 0;
}

Determining if the function pthread_create exists in the pthreads failed with the following output:
Change Dir: /mnt/c/Users/lukas/Documents/PDV/labs/lab02_solution/cmake-build-release/CMakeFiles/CMakeTmp

Run Build Command(s):/usr/bin/make cmTC_d5c5b/fast && /usr/bin/make -f CMakeFiles/cmTC_d5c5b.dir/build.make CMakeFiles/cmTC_d5c5b.dir/build
make[1]: Entering directory '/mnt/c/Users/lukas/Documents/PDV/labs/lab02_solution/cmake-build-release/CMakeFiles/CMakeTmp'
Building C object CMakeFiles/cmTC_d5c5b.dir/CheckFunctionExists.c.o
/usr/bin/cc   -DCHECK_FUNCTION_EXISTS=pthread_create   -o CMakeFiles/cmTC_d5c5b.dir/CheckFunctionExists.c.o   -c /usr/share/cmake-3.16/Modules/CheckFunctionExists.c
Linking C executable cmTC_d5c5b
/usr/bin/cmake -E cmake_link_script CMakeFiles/cmTC_d5c5b.dir/link.txt --verbose=1
/usr/bin/cc  -DCHECK_FUNCTION_EXISTS=pthread_create    CMakeFiles/cmTC_d5c5b.dir/CheckFunctionExists.c.o  -o cmTC_d5c5b  -lpthreads 
/usr/bin/ld: cannot find -lpthreads
collect2: error: ld returned 1 exit status
make[1]: *** [CMakeFiles/cmTC_d5c5b.dir/build.make:87: cmTC_d5c5b] Error 1
make[1]: Leaving directory '/mnt/c/Users/lukas/Documents/PDV/labs/lab02_solution/cmake-build-release/CMakeFiles/CMakeTmp'
make: *** [Makefile:121: cmTC_d5c5b/fast] Error 2



